<?xml version="1.0" encoding="UTF-8"?>
<!-- Generated by org.testng.reporters.JUnitReportReporter -->
<testsuite hostname="DESKTOP-VP6RPDK" failures="0" tests="1" name="com.easylearn.testng.refresh.TestNGParameterSample" time="0.003" errors="0" timestamp="2022-06-16T20:00:52 BST" skipped="0">
  <testcase classname="com.easylearn.testng.refresh.TestNGParameterSample" name="validCredentialsLogin" time="0.003"/>
  <system-out/>
</testsuite> <!-- com.easylearn.testng.refresh.TestNGParameterSample -->
