<?xml version="1.0" encoding="UTF-8"?>
<!-- Generated by org.testng.reporters.JUnitReportReporter -->
<testsuite hostname="DESKTOP-VP6RPDK" failures="0" tests="4" name="com.easylearn.testng.refresh.TestNGDataProviderSample" time="0.009" errors="0" timestamp="2022-06-21T22:27:07 BST" skipped="0">
  <testcase classname="com.easylearn.testng.refresh.TestNGDataProviderSample" name="registerUser" time="0.001"/>
  <system-out/>
  <testcase classname="com.easylearn.testng.refresh.TestNGDataProviderSample" name="registerUser" time="0.007"/>
  <system-out/>
  <testcase classname="com.easylearn.testng.refresh.TestNGDataProviderSample" name="registerUser" time="0.001"/>
  <system-out/>
  <testcase classname="com.easylearn.testng.refresh.TestNGDataProviderSample" name="registerUser" time="0.000"/>
  <system-out/>
</testsuite> <!-- com.easylearn.testng.refresh.TestNGDataProviderSample -->
